<?xml version="1.0" encoding="UTF-8"?>
<testsuite name="starter.CucumberTestSuite" tests="0" skipped="0" failures="0" errors="0" timestamp="1970-01-01T00:00:00" hostname="pxlvnpranavz" time="0.0">
  <properties/>
  <system-out><![CDATA[14:30:04.667 [Test worker] INFO  i.c.core.plugin.SerenityReporter - Running feature from file:///home/pranav/interestapp/serenity-cucumber-starter/src/test/resources/features/search/login.feature
14:30:04.801 [Test worker] INFO   - 

-------------------------------------------------------------------------------------
     _______. _______ .______       _______ .__   __.  __  .___________.____    ____ 
    /       ||   ____||   _  \     |   ____||  \ |  | |  | |           |\   \  /   / 
   |   (----`|  |__   |  |_)  |    |  |__   |   \|  | |  | `---|  |----` \   \/   /  
    \   \    |   __|  |      /     |   __|  |  . `  | |  |     |  |       \_    _/   
.----)   |   |  |____ |  |\  \----.|  |____ |  |\   | |  |     |  |         |  |     
|_______/    |_______|| _| `._____||_______||__| \__| |__|     |__|         |__|    
                                                                                     
 News and tutorials at http://www.serenity-bdd.info                                  
 Documentation at https://wakaleo.gitbooks.io/the-serenity-book/content/             
 Join the Serenity Community on Gitter: https://gitter.im/serenity-bdd/serenity-core 
 Serenity BDD Support and Training at http://serenity-bdd.info/#/trainingandsupport  
-------------------------------------------------------------------------------------

14:30:04.806 [Test worker] INFO   - Test Suite Started: Login to Orange HRM
14:30:04.819 [Test worker] INFO  i.c.core.plugin.SerenityReporter - Running feature from file:///home/pranav/interestapp/serenity-cucumber-starter/src/test/resources/features/search/search_by_keyword.feature
14:30:04.823 [Test worker] INFO   - Test Suite Started: Search by keyword

2 Scenarios (?[32m2 passed?[0m)
6 Steps (?[32m6 passed?[0m)
0m9.823s


14:30:14.546 [pool-1-thread-2] INFO  n.t.core.reports.ReportService - net.thucydides.core.reports.json.JSONTestOutcomeReporter@39e9a91: Generating report for test outcome: Search by keyword:Searching for a term
14:30:14.546 [pool-1-thread-1] INFO  n.t.core.reports.ReportService - net.thucydides.core.reports.json.JSONTestOutcomeReporter@39e9a91: Generating report for test outcome: Login to Orange HRM:Login to the Application Successfully
14:30:14.580 [pool-2-thread-1] INFO  n.t.core.reports.ReportService - net.thucydides.core.reports.html.HtmlAcceptanceTestReporter@7aa84eb0: Generating report for test outcome: Login to Orange HRM:Login to the Application Successfully
14:30:14.580 [pool-2-thread-2] INFO  n.t.core.reports.ReportService - net.thucydides.core.reports.html.HtmlAcceptanceTestReporter@7aa84eb0: Generating report for test outcome: Search by keyword:Searching for a term
14:30:15.032 [Test worker] INFO  i.c.core.plugin.SerenityReporter - Cleanup test resources for URI file:///home/pranav/interestapp/serenity-cucumber-starter/src/test/resources/features/search/login.feature
14:30:15.034 [Test worker] INFO  i.c.core.plugin.SerenityReporter - Cleanup test resources for URI file:///home/pranav/interestapp/serenity-cucumber-starter/src/test/resources/features/search/search_by_keyword.feature
]]></system-out>
  <system-err><![CDATA[]]></system-err>
</testsuite>
